<?xml version="1.0" encoding="UTF-8"?>
<!-- Generated by org.testng.reporters.JUnitReportReporter -->
<testsuite hostname="ATIF-ALI-KHAN" failures="0" tests="1" name="testPages.CartListTest" time="29.086" errors="0" timestamp="2025-03-24T14:56:02 IST" skipped="0">
  <testcase classname="testPages.CartListTest" name="UpdateCartList" time="29.086"/>
  <system-out/>
</testsuite> <!-- testPages.CartListTest -->
