<?xml version="1.0" encoding="UTF-8"?>
<!-- Generated by org.testng.reporters.JUnitReportReporter -->
<testsuite hostname="ATIF-ALI-KHAN" failures="0" tests="1" name="runner.RegisterRunBdd" time="7.459" errors="0" timestamp="2025-03-26T12:02:55 IST" skipped="0">
  <testcase classname="runner.RegisterRunBdd" name="runScenario" time="7.459"/>
  <system-out/>
</testsuite> <!-- runner.RegisterRunBdd -->
