<?xml version="1.0" encoding="UTF-8"?>
<!-- Generated by org.testng.reporters.JUnitReportReporter -->
<testsuite hostname="ATIF-ALI-KHAN" failures="0" tests="1" name="runner.RegisterRunBdd" time="21.586" errors="0" timestamp="2025-03-21T11:46:30 IST" skipped="0">
  <testcase classname="runner.RegisterRunBdd" name="runScenario" time="21.586"/>
  <system-out/>
</testsuite> <!-- runner.RegisterRunBdd -->
