<?xml version="1.0" encoding="UTF-8"?>
<!-- Generated by org.testng.reporters.JUnitReportReporter -->
<testsuite hostname="ATIF-ALI-KHAN" failures="0" tests="1" name="testPages.LoginTest" time="11.211" errors="0" timestamp="2025-03-21T16:45:08 IST" skipped="0">
  <testcase classname="testPages.LoginTest" name="testUserLogin" time="11.211"/>
  <system-out/>
</testsuite> <!-- testPages.LoginTest -->
