<?xml version="1.0" encoding="UTF-8"?>
<!-- Generated by org.testng.reporters.JUnitReportReporter -->
<testsuite hostname="ATIF-ALI-KHAN" failures="0" tests="1" name="testPages.CartTest" time="20.616" errors="0" timestamp="2025-03-22T14:51:01 IST" skipped="0">
  <testcase classname="testPages.CartTest" name="testingthecart" time="20.616"/>
  <system-out/>
</testsuite> <!-- testPages.CartTest -->
