<?xml version="1.0" encoding="UTF-8"?>
<!-- Generated by org.testng.reporters.JUnitReportReporter -->
<testsuite hostname="ATIF-ALI-KHAN" failures="0" tests="1" name="testPages.CartTest" time="14.212" errors="0" timestamp="2025-03-20T13:37:09 IST" skipped="0">
  <testcase classname="testPages.CartTest" name="testingthecart" time="14.212"/>
  <system-out/>
</testsuite> <!-- testPages.CartTest -->
