<?xml version="1.0" encoding="UTF-8"?>
<!-- Generated by org.testng.reporters.JUnitReportReporter -->
<testsuite hostname="ATIF-ALI-KHAN" failures="0" tests="1" name="testPages.CartTest" time="42.260" errors="0" timestamp="2025-03-24T18:24:16 IST" skipped="0">
  <testcase classname="testPages.CartTest" name="testingthecart" time="42.260"/>
  <system-out/>
</testsuite> <!-- testPages.CartTest -->
