<?xml version="1.0" encoding="UTF-8"?>
<!-- Generated by org.testng.reporters.JUnitReportReporter -->
<testsuite hostname="ATIF-ALI-KHAN" failures="0" tests="1" name="testPages.LoginTest" time="10.594" errors="0" timestamp="2025-03-19T20:59:36 IST" skipped="0">
  <testcase classname="testPages.LoginTest" name="testUserLogin" time="10.594"/>
  <system-out/>
</testsuite> <!-- testPages.LoginTest -->
