<?xml version="1.0" encoding="UTF-8"?>
<!-- Generated by org.testng.reporters.JUnitReportReporter -->
<testsuite hostname="ATIF-ALI-KHAN" failures="0" tests="3" name="testPages.InvalidLoginData" time="37.170" errors="0" timestamp="2025-03-22T14:33:43 IST" skipped="0">
  <testcase classname="testPages.InvalidLoginData" name="testInvalidLogin" time="10.547"/>
  <system-out/>
  <testcase classname="testPages.InvalidLoginData" name="testInvalidLogin" time="11.634"/>
  <system-out/>
  <testcase classname="testPages.InvalidLoginData" name="testInvalidLogin" time="14.989"/>
  <system-out/>
</testsuite> <!-- testPages.InvalidLoginData -->
