<?xml version="1.0" encoding="UTF-8"?>
<!-- Generated by org.testng.reporters.JUnitReportReporter -->
<testsuite hostname="ATIF-ALI-KHAN" failures="0" tests="1" name="testPages.CheckoutTest" time="35.802" errors="0" timestamp="2025-03-24T15:59:47 IST" skipped="0">
  <testcase classname="testPages.CheckoutTest" name="UpdateCartList" time="35.802"/>
  <system-out/>
</testsuite> <!-- testPages.CheckoutTest -->
