<?xml version="1.0" encoding="UTF-8"?>
<!-- Generated by org.testng.reporters.JUnitReportReporter -->
<testsuite hostname="ATIF-ALI-KHAN" failures="0" tests="1" name="testPages.CartTest" time="47.557" errors="0" timestamp="2025-03-26T13:12:16 IST" skipped="0">
  <testcase classname="testPages.CartTest" name="testingthecart" time="47.557"/>
  <system-out/>
</testsuite> <!-- testPages.CartTest -->
