<?xml version="1.0" encoding="UTF-8"?>
<!-- Generated by org.testng.reporters.JUnitReportReporter -->
<testsuite hostname="ATIF-ALI-KHAN" failures="0" tests="1" name="testPages.CartTest" time="57.846" errors="0" timestamp="2025-03-26T13:17:50 IST" skipped="0">
  <testcase classname="testPages.CartTest" name="testingthecart" time="57.846"/>
  <system-out/>
</testsuite> <!-- testPages.CartTest -->
